<?xml version="1.0" encoding="UTF-8"?>
<!-- Generated by org.testng.reporters.JUnitReportReporter -->
<testsuite hostname="LAPTOP-CF2T1U0H" failures="0" tests="1" name="packagedatadriventesting.SampleUnitTest" time="0.429" errors="0" timestamp="2024-07-24T18:20:49 IST" skipped="0">
  <testcase classname="packagedatadriventesting.SampleUnitTest" name="projectCheckTest" time="0.429"/>
  <system-out/>
</testsuite> <!-- packagedatadriventesting.SampleUnitTest -->
