<?xml version="1.0" encoding="UTF-8"?>
<!-- Generated by org.testng.reporters.JUnitReportReporter -->
<testsuite hostname="LAPTOP-CF2T1U0H" failures="0" tests="2" name="practice.testNg.SampleTest" time="0.015" errors="0" timestamp="2024-08-01T14:58:40 IST" skipped="0">
  <testcase classname="practice.testNg.SampleTest" name="createContactTest" time="0.013"/>
  <system-out/>
  <testcase classname="practice.testNg.SampleTest" name="createContactWithMobileNumberTest" time="0.002"/>
  <system-out/>
</testsuite> <!-- practice.testNg.SampleTest -->
