<?xml version="1.0" encoding="UTF-8"?>
<!-- Generated by org.testng.reporters.JUnitReportReporter -->
<testsuite hostname="LAPTOP-CF2T1U0H" failures="0" tests="1" name="packagedatadriventesting.CreateOrgTest" time="20.081" errors="0" timestamp="2024-07-24T12:19:48 IST" skipped="0">
  <testcase classname="packagedatadriventesting.CreateOrgTest" name="createOrgtest" time="20.081"/>
  <system-out/>
</testsuite> <!-- packagedatadriventesting.CreateOrgTest -->
