<?xml version="1.0" encoding="UTF-8"?>
<!-- Generated by org.testng.reporters.JUnitReportReporter -->
<testsuite hostname="LAPTOP-CF2T1U0H" failures="0" tests="2" name="practice.homeTest.HomePageSampleTest" time="0.010" errors="0" timestamp="2024-08-05T15:30:23 IST" skipped="0">
  <testcase classname="practice.homeTest.HomePageSampleTest" name="homePageTest" time="0.009"/>
  <system-out>
    <![CDATA[homePageTest Test Start
Step-1
Step-2
Step-3
Step-4
homePageTest Test End]]>
  </system-out>
  <testcase classname="practice.homeTest.HomePageSampleTest" name="verifyLogoHomePageTest" time="0.001"/>
  <system-out>
    <![CDATA[verifyLogoHomePageTest Test Start
Step-1
Step-2
Step-3
Step-4
verifyLogoHomePageTest Test End]]>
  </system-out>
</testsuite> <!-- practice.homeTest.HomePageSampleTest -->
