<?xml version="1.0" encoding="UTF-8"?>
<!-- Generated by org.testng.reporters.JUnitReportReporter -->
<testsuite hostname="LAPTOP-CF2T1U0H" failures="0" tests="3" name="practice.testNg.CreateContact_DP_Test" time="0.009" errors="0" timestamp="2024-08-03T10:35:48 IST" skipped="0">
  <testcase classname="practice.testNg.CreateContact_DP_Test" name="createContactTest" time="0.001"/>
  <system-out/>
  <testcase classname="practice.testNg.CreateContact_DP_Test" name="createContactTest" time="0.001"/>
  <system-out/>
  <testcase classname="practice.testNg.CreateContact_DP_Test" name="createContactTest" time="0.007"/>
  <system-out/>
</testsuite> <!-- practice.testNg.CreateContact_DP_Test -->
