<?xml version="1.0" encoding="UTF-8"?>
<!-- Generated by org.testng.reporters.JUnitReportReporter -->
<testsuite hostname="LAPTOP-CF2T1U0H" failures="0" tests="2" name="practice.testNg.CreateContactByUsingConfigurationTest" time="0.009" errors="0" timestamp="2024-08-02T14:16:58 IST" skipped="0">
  <testcase classname="practice.testNg.CreateContactByUsingConfigurationTest" name="createContact" time="0.006"/>
  <system-out/>
  <testcase classname="practice.testNg.CreateContactByUsingConfigurationTest" name="createContactWithDate" time="0.003"/>
  <system-out/>
</testsuite> <!-- practice.testNg.CreateContactByUsingConfigurationTest -->
