<?xml version="1.0" encoding="UTF-8"?>
<!-- Generated by org.testng.reporters.JUnitReportReporter -->
<testsuite hostname="LAPTOP-CF2T1U0H" failures="0" tests="2" name="com.crm.orgtest.CreateOrgTest" time="0.012" errors="0" timestamp="2024-08-02T15:20:36 IST" skipped="0">
  <testcase classname="com.crm.orgtest.CreateOrgTest" name="createOrgWithIndustry" time="0.001"/>
  <system-out/>
  <testcase classname="com.crm.orgtest.CreateOrgTest" name="createOrgTest" time="0.011"/>
  <system-out/>
</testsuite> <!-- com.crm.orgtest.CreateOrgTest -->
