<?xml version="1.0" encoding="UTF-8"?>
<!-- Generated by org.testng.reporters.JUnitReportReporter -->
<testsuite hostname="LAPTOP-CF2T1U0H" failures="0" tests="1" name="packagedatadriventesting.ReadDataFromTestNGXmlTest" time="0.013" errors="0" timestamp="2024-07-24T11:41:17 IST" skipped="0">
  <testcase classname="packagedatadriventesting.ReadDataFromTestNGXmlTest" name="sampleTest" time="0.013"/>
  <system-out/>
</testsuite> <!-- packagedatadriventesting.ReadDataFromTestNGXmlTest -->
