<?xml version="1.0" encoding="UTF-8"?>
<!-- Generated by org.testng.reporters.JUnitReportReporter -->
<testsuite hostname="LAPTOP-CF2T1U0H" failures="0" tests="2" name="com.crm.contacttest.CreateContactTest" time="0.005" errors="0" timestamp="2024-08-02T15:20:36 IST" skipped="0">
  <testcase classname="com.crm.contacttest.CreateContactTest" name="createContactWithDate" time="0.003"/>
  <system-out/>
  <testcase classname="com.crm.contacttest.CreateContactTest" name="createContact" time="0.002"/>
  <system-out/>
</testsuite> <!-- com.crm.contacttest.CreateContactTest -->
