<?xml version="1.0" encoding="UTF-8"?>
<!-- Generated by org.testng.reporters.JUnitReportReporter -->
<testsuite hostname="LAPTOP-CF2T1U0H" failures="0" tests="3" name="practice.testNg.ContactTest" time="0.023" errors="0" timestamp="2024-08-01T16:49:21 IST" skipped="0">
  <testcase classname="practice.testNg.ContactTest" name="modifyContactTest" time="0.001"/>
  <system-out/>
  <testcase classname="practice.testNg.ContactTest" name="deleteContactTest" time="0.001"/>
  <system-out/>
  <testcase classname="practice.testNg.ContactTest" name="createContactTest" time="0.021"/>
  <system-out/>
</testsuite> <!-- practice.testNg.ContactTest -->
