<?xml version="1.0" encoding="UTF-8"?>
<!-- Generated by org.testng.reporters.JUnitReportReporter -->
<testsuite hostname="LAPTOP-CF2T1U0H" failures="0" tests="1" name="practice.pom.repository.SampleTestWithPom" time="7.253" errors="0" timestamp="2024-07-31T15:39:01 IST" skipped="0">
  <testcase classname="practice.pom.repository.SampleTestWithPom" name="sampleTest" time="7.253"/>
  <system-out/>
</testsuite> <!-- practice.pom.repository.SampleTestWithPom -->
